2025-07-06 17:07:18,377 ERROR: Exception on /symptom [GET] 
Traceback (most recent call last):
  File "C:\Users\aruna\AppData\Local\Packages\PythonSoftwareFoundation.Python.3.12_qbz5n2kfra8p0\LocalCache\local-packages\Python312\site-packages\flask\app.py", line 1473, in wsgi_app
    response = self.full_dispatch_request()
               ^^^^^^^^^^^^^^^^^^^^^^^^^^^^
  File "C:\Users\aruna\AppData\Local\Packages\PythonSoftwareFoundation.Python.3.12_qbz5n2kfra8p0\LocalCache\local-packages\Python312\site-packages\flask\app.py", line 882, in full_dispatch_request
    rv = self.handle_user_exception(e)
         ^^^^^^^^^^^^^^^^^^^^^^^^^^^^^
  File "C:\Users\aruna\AppData\Local\Packages\PythonSoftwareFoundation.Python.3.12_qbz5n2kfra8p0\LocalCache\local-packages\Python312\site-packages\flask\app.py", line 880, in full_dispatch_request
    rv = self.dispatch_request()
         ^^^^^^^^^^^^^^^^^^^^^^^
  File "C:\Users\aruna\AppData\Local\Packages\PythonSoftwareFoundation.Python.3.12_qbz5n2kfra8p0\LocalCache\local-packages\Python312\site-packages\flask\app.py", line 865, in dispatch_request
    return self.ensure_sync(self.view_functions[rule.endpoint])(**view_args)  # type: ignore[no-any-return]
           ^^^^^^^^^^^^^^^^^^^^^^^^^^^^^^^^^^^^^^^^^^^^^^^^^^^^^^^^^^^^^^^^^
  File "C:\Users\aruna\Downloads\medical-website\symptom.py", line 65, in show_symptom_ui
    return render_template("symptom.html")
           ^^^^^^^^^^^^^^^
NameError: name 'render_template' is not defined
2025-07-06 17:07:54,016 INFO: Application startup 
2025-07-06 17:09:36,108 INFO: Application startup 
2025-07-06 17:10:42,265 INFO: Application startup 
2025-07-06 17:12:01,736 INFO: Application startup 
2025-07-06 17:18:53,735 INFO: Application startup 
2025-07-06 17:27:02,775 INFO: Application startup 
2025-07-06 17:29:10,429 INFO: Application startup 
2025-07-06 17:31:15,424 INFO: Application startup 
2025-07-06 17:34:00,764 INFO: Application startup 
2025-07-06 17:35:09,369 INFO: Application startup 
2025-07-06 17:36:11,299 INFO: Application startup 
2025-07-06 17:38:19,147 INFO: Application startup 
2025-07-06 17:39:39,473 INFO: Application startup 
2025-07-06 17:40:50,717 INFO: Application startup 
2025-07-06 17:42:06,719 INFO: Application startup 
2025-07-06 17:43:24,889 INFO: Application startup 
2025-07-08 16:18:53,864 INFO: Application startup 
2025-07-08 17:03:23,921 INFO: Application startup 
2025-07-08 19:04:00,419 INFO: Application startup 
2025-07-08 19:17:38,277 INFO: Application startup 
2025-07-08 19:24:21,875 INFO: Application startup 
2025-07-08 19:26:30,912 INFO: Application startup 
2025-07-08 19:30:14,651 INFO: Application startup 
2025-07-08 19:36:49,804 INFO: Application startup 
2025-07-08 19:41:36,019 INFO: Application startup 
2025-07-08 19:44:06,747 INFO: Application startup 
2025-07-12 21:01:24,768 INFO: Application startup 
2025-07-12 21:01:40,969 INFO: Application startup 
2025-07-12 23:13:04,472 INFO: Application startup 
2025-07-12 23:17:26,273 INFO: Application startup 
2025-07-12 23:18:23,740 INFO: Application startup 
2025-07-13 18:55:43,275 INFO: Application startup 
2025-07-13 18:58:52,130 INFO: Application startup 
2025-07-13 19:01:17,931 INFO: Application startup 
2025-07-13 19:01:20,657 INFO: Application startup 
2025-07-13 19:02:53,345 INFO: Application startup 
2025-07-14 00:28:35,255 INFO: Application startup 
2025-07-14 00:29:19,646 INFO: Application startup 
2025-07-14 00:29:29,565 INFO: Application startup 
2025-07-14 00:32:00,890 INFO: Application startup 
2025-07-14 00:32:03,309 INFO: Application startup 
